c:\users\cccsk\onedrive\desktop\cp4\008c2369-gr13-repo\project\arena_battle\arena_battle\x64\debug\vc143.pdb
c:\users\cccsk\onedrive\desktop\cp4\008c2369-gr13-repo\project\arena_battle\arena_battle\x64\debug\vc143.idb
c:\users\cccsk\onedrive\desktop\cp4\008c2369-gr13-repo\project\arena_battle\arena_battle\x64\debug\functions.obj
c:\users\cccsk\onedrive\desktop\cp4\008c2369-gr13-repo\project\arena_battle\arena_battle\x64\debug\main.obj
c:\users\cccsk\onedrive\desktop\cp4\008c2369-gr13-repo\project\arena_battle\arena_battle\x64\debug\chars_swd.ixx.ifc
c:\users\cccsk\onedrive\desktop\cp4\008c2369-gr13-repo\project\arena_battle\arena_battle\x64\debug\chars_swd.ixx.ifc.d.json
c:\users\cccsk\onedrive\desktop\cp4\008c2369-gr13-repo\project\arena_battle\arena_battle\x64\debug\chars_swd.ixx.obj
c:\users\cccsk\onedrive\desktop\cp4\008c2369-gr13-repo\project\arena_battle\arena_battle\x64\debug\player.ixx.ifc
c:\users\cccsk\onedrive\desktop\cp4\008c2369-gr13-repo\project\arena_battle\arena_battle\x64\debug\player.ixx.ifc.d.json
c:\users\cccsk\onedrive\desktop\cp4\008c2369-gr13-repo\project\arena_battle\arena_battle\x64\debug\player.ixx.obj
c:\users\cccsk\onedrive\desktop\cp4\008c2369-gr13-repo\project\arena_battle\arena_battle\x64\debug\monsters_sea.ixx.ifc
c:\users\cccsk\onedrive\desktop\cp4\008c2369-gr13-repo\project\arena_battle\arena_battle\x64\debug\monsters_sea.ixx.ifc.d.json
c:\users\cccsk\onedrive\desktop\cp4\008c2369-gr13-repo\project\arena_battle\arena_battle\x64\debug\monsters_sea.ixx.obj
c:\users\cccsk\onedrive\desktop\cp4\008c2369-gr13-repo\project\arena_battle\arena_battle\x64\debug\monsters_sky.ixx.ifc
c:\users\cccsk\onedrive\desktop\cp4\008c2369-gr13-repo\project\arena_battle\arena_battle\x64\debug\monsters_sky.ixx.ifc.d.json
c:\users\cccsk\onedrive\desktop\cp4\008c2369-gr13-repo\project\arena_battle\arena_battle\x64\debug\monsters_sky.ixx.obj
c:\users\cccsk\onedrive\desktop\cp4\008c2369-gr13-repo\project\arena_battle\arena_battle\x64\debug\sstream_f44zdnngpf4685ou.ifc
c:\users\cccsk\onedrive\desktop\cp4\008c2369-gr13-repo\project\arena_battle\arena_battle\x64\debug\sstream_f44zdnngpf4685ou.ifc.d.json
c:\users\cccsk\onedrive\desktop\cp4\008c2369-gr13-repo\project\arena_battle\arena_battle\x64\debug\sstream_f44zdnngpf4685ou.obj
c:\users\cccsk\onedrive\desktop\cp4\008c2369-gr13-repo\project\arena_battle\arena_battle\x64\debug\chars.ixx.ifc
c:\users\cccsk\onedrive\desktop\cp4\008c2369-gr13-repo\project\arena_battle\arena_battle\x64\debug\chars.ixx.ifc.d.json
c:\users\cccsk\onedrive\desktop\cp4\008c2369-gr13-repo\project\arena_battle\arena_battle\x64\debug\chars.ixx.obj
c:\users\cccsk\onedrive\desktop\cp4\008c2369-gr13-repo\project\arena_battle\arena_battle\x64\debug\filesystem_qcxgjhz001qojcyk.ifc
c:\users\cccsk\onedrive\desktop\cp4\008c2369-gr13-repo\project\arena_battle\arena_battle\x64\debug\filesystem_qcxgjhz001qojcyk.ifc.d.json
c:\users\cccsk\onedrive\desktop\cp4\008c2369-gr13-repo\project\arena_battle\arena_battle\x64\debug\filesystem_qcxgjhz001qojcyk.obj
c:\users\cccsk\onedrive\desktop\cp4\008c2369-gr13-repo\project\arena_battle\arena_battle\x64\debug\chars_arc.ixx.ifc
c:\users\cccsk\onedrive\desktop\cp4\008c2369-gr13-repo\project\arena_battle\arena_battle\x64\debug\chars_arc.ixx.ifc.d.json
c:\users\cccsk\onedrive\desktop\cp4\008c2369-gr13-repo\project\arena_battle\arena_battle\x64\debug\chars_arc.ixx.obj
c:\users\cccsk\onedrive\desktop\cp4\008c2369-gr13-repo\project\arena_battle\arena_battle\x64\debug\string_7txgts7iwziile9e.ifc
c:\users\cccsk\onedrive\desktop\cp4\008c2369-gr13-repo\project\arena_battle\arena_battle\x64\debug\string_7txgts7iwziile9e.ifc.d.json
c:\users\cccsk\onedrive\desktop\cp4\008c2369-gr13-repo\project\arena_battle\arena_battle\x64\debug\string_7txgts7iwziile9e.obj
c:\users\cccsk\onedrive\desktop\cp4\008c2369-gr13-repo\project\arena_battle\arena_battle\x64\debug\monsters.ixx.ifc
c:\users\cccsk\onedrive\desktop\cp4\008c2369-gr13-repo\project\arena_battle\arena_battle\x64\debug\monsters.ixx.ifc.d.json
c:\users\cccsk\onedrive\desktop\cp4\008c2369-gr13-repo\project\arena_battle\arena_battle\x64\debug\monsters.ixx.obj
c:\users\cccsk\onedrive\desktop\cp4\008c2369-gr13-repo\project\arena_battle\arena_battle\x64\debug\fstream_yqhrlv5wq18x006w.ifc
c:\users\cccsk\onedrive\desktop\cp4\008c2369-gr13-repo\project\arena_battle\arena_battle\x64\debug\fstream_yqhrlv5wq18x006w.ifc.d.json
c:\users\cccsk\onedrive\desktop\cp4\008c2369-gr13-repo\project\arena_battle\arena_battle\x64\debug\fstream_yqhrlv5wq18x006w.obj
c:\users\cccsk\onedrive\desktop\cp4\008c2369-gr13-repo\project\arena_battle\arena_battle\x64\debug\ranges_65ib65omn77ucny3.ifc
c:\users\cccsk\onedrive\desktop\cp4\008c2369-gr13-repo\project\arena_battle\arena_battle\x64\debug\ranges_65ib65omn77ucny3.ifc.d.json
c:\users\cccsk\onedrive\desktop\cp4\008c2369-gr13-repo\project\arena_battle\arena_battle\x64\debug\ranges_65ib65omn77ucny3.obj
c:\users\cccsk\onedrive\desktop\cp4\008c2369-gr13-repo\project\arena_battle\arena_battle\x64\debug\monsters_boss.ixx.ifc
c:\users\cccsk\onedrive\desktop\cp4\008c2369-gr13-repo\project\arena_battle\arena_battle\x64\debug\monsters_boss.ixx.ifc.d.json
c:\users\cccsk\onedrive\desktop\cp4\008c2369-gr13-repo\project\arena_battle\arena_battle\x64\debug\monsters_boss.ixx.obj
c:\users\cccsk\onedrive\desktop\cp4\008c2369-gr13-repo\project\arena_battle\arena_battle\x64\debug\chars_mag.ixx.ifc
c:\users\cccsk\onedrive\desktop\cp4\008c2369-gr13-repo\project\arena_battle\arena_battle\x64\debug\chars_mag.ixx.ifc.d.json
c:\users\cccsk\onedrive\desktop\cp4\008c2369-gr13-repo\project\arena_battle\arena_battle\x64\debug\chars_mag.ixx.obj
c:\users\cccsk\onedrive\desktop\cp4\008c2369-gr13-repo\project\arena_battle\arena_battle\x64\debug\monsters_base.ixx.ifc
c:\users\cccsk\onedrive\desktop\cp4\008c2369-gr13-repo\project\arena_battle\arena_battle\x64\debug\monsters_base.ixx.ifc.d.json
c:\users\cccsk\onedrive\desktop\cp4\008c2369-gr13-repo\project\arena_battle\arena_battle\x64\debug\monsters_base.ixx.obj
c:\users\cccsk\onedrive\desktop\cp4\008c2369-gr13-repo\project\arena_battle\arena_battle\x64\debug\monsters_land.ixx.ifc
c:\users\cccsk\onedrive\desktop\cp4\008c2369-gr13-repo\project\arena_battle\arena_battle\x64\debug\monsters_land.ixx.ifc.d.json
c:\users\cccsk\onedrive\desktop\cp4\008c2369-gr13-repo\project\arena_battle\arena_battle\x64\debug\monsters_land.ixx.obj
c:\users\cccsk\onedrive\desktop\cp4\008c2369-gr13-repo\project\arena_battle\arena_battle\x64\debug\memory_9z53tne6v8az25te.ifc
c:\users\cccsk\onedrive\desktop\cp4\008c2369-gr13-repo\project\arena_battle\arena_battle\x64\debug\memory_9z53tne6v8az25te.ifc.d.json
c:\users\cccsk\onedrive\desktop\cp4\008c2369-gr13-repo\project\arena_battle\arena_battle\x64\debug\memory_9z53tne6v8az25te.obj
c:\users\cccsk\onedrive\desktop\cp4\008c2369-gr13-repo\project\arena_battle\arena_battle\x64\debug\skillandstuff.ixx.ifc
c:\users\cccsk\onedrive\desktop\cp4\008c2369-gr13-repo\project\arena_battle\arena_battle\x64\debug\skillandstuff.ixx.ifc.d.json
c:\users\cccsk\onedrive\desktop\cp4\008c2369-gr13-repo\project\arena_battle\arena_battle\x64\debug\skillandstuff.ixx.obj
c:\users\cccsk\onedrive\desktop\cp4\008c2369-gr13-repo\project\arena_battle\arena_battle\x64\debug\iostream_108l17neqx0yr1qh.ifc
c:\users\cccsk\onedrive\desktop\cp4\008c2369-gr13-repo\project\arena_battle\arena_battle\x64\debug\iostream_108l17neqx0yr1qh.ifc.d.json
c:\users\cccsk\onedrive\desktop\cp4\008c2369-gr13-repo\project\arena_battle\arena_battle\x64\debug\iostream_108l17neqx0yr1qh.obj
c:\users\cccsk\onedrive\desktop\cp4\008c2369-gr13-repo\project\arena_battle\arena_battle\x64\debug\vector_1pa17ypph0g6c383.ifc
c:\users\cccsk\onedrive\desktop\cp4\008c2369-gr13-repo\project\arena_battle\arena_battle\x64\debug\vector_1pa17ypph0g6c383.ifc.d.json
c:\users\cccsk\onedrive\desktop\cp4\008c2369-gr13-repo\project\arena_battle\arena_battle\x64\debug\vector_1pa17ypph0g6c383.obj
c:\users\cccsk\onedrive\desktop\cp4\008c2369-gr13-repo\project\arena_battle\arena_battle\x64\debug\functions.ixx.ifc
c:\users\cccsk\onedrive\desktop\cp4\008c2369-gr13-repo\project\arena_battle\arena_battle\x64\debug\functions.ixx.ifc.d.json
c:\users\cccsk\onedrive\desktop\cp4\008c2369-gr13-repo\project\arena_battle\arena_battle\x64\debug\functions.ixx.obj
c:\users\cccsk\onedrive\desktop\cp4\008c2369-gr13-repo\project\arena_battle\arena_battle\x64\debug\concepts_vg6nu34rlwpfcyj5.ifc
c:\users\cccsk\onedrive\desktop\cp4\008c2369-gr13-repo\project\arena_battle\arena_battle\x64\debug\concepts_vg6nu34rlwpfcyj5.ifc.d.json
c:\users\cccsk\onedrive\desktop\cp4\008c2369-gr13-repo\project\arena_battle\arena_battle\x64\debug\concepts_vg6nu34rlwpfcyj5.obj
c:\users\cccsk\onedrive\desktop\cp4\008c2369-gr13-repo\project\arena_battle\arena_battle\x64\debug\entity.ixx.ifc
c:\users\cccsk\onedrive\desktop\cp4\008c2369-gr13-repo\project\arena_battle\arena_battle\x64\debug\entity.ixx.ifc.d.json
c:\users\cccsk\onedrive\desktop\cp4\008c2369-gr13-repo\project\arena_battle\arena_battle\x64\debug\entity.ixx.obj
c:\users\cccsk\onedrive\desktop\cp4\008c2369-gr13-repo\project\arena_battle\arena_battle\x64\debug\gametile.ixx.ifc
c:\users\cccsk\onedrive\desktop\cp4\008c2369-gr13-repo\project\arena_battle\arena_battle\x64\debug\gametile.ixx.ifc.d.json
c:\users\cccsk\onedrive\desktop\cp4\008c2369-gr13-repo\project\arena_battle\arena_battle\x64\debug\gametile.ixx.obj
c:\users\cccsk\onedrive\desktop\cp4\008c2369-gr13-repo\project\arena_battle\arena_battle\x64\debug\chars_base.ixx.ifc
c:\users\cccsk\onedrive\desktop\cp4\008c2369-gr13-repo\project\arena_battle\arena_battle\x64\debug\chars_base.ixx.ifc.d.json
c:\users\cccsk\onedrive\desktop\cp4\008c2369-gr13-repo\project\arena_battle\arena_battle\x64\debug\chars_base.ixx.obj
c:\users\cccsk\onedrive\desktop\cp4\008c2369-gr13-repo\project\arena_battle\arena_battle\x64\debug\gamemap.ixx.ifc
c:\users\cccsk\onedrive\desktop\cp4\008c2369-gr13-repo\project\arena_battle\arena_battle\x64\debug\gamemap.ixx.ifc.d.json
c:\users\cccsk\onedrive\desktop\cp4\008c2369-gr13-repo\project\arena_battle\arena_battle\x64\debug\gamemap.ixx.obj
c:\users\cccsk\onedrive\desktop\cp4\008c2369-gr13-repo\project\arena_battle\x64\debug\arena_battle.exe
c:\users\cccsk\onedrive\desktop\cp4\008c2369-gr13-repo\project\arena_battle\x64\debug\arena_battle.pdb
c:\users\cccsk\onedrive\desktop\cp4\008c2369-gr13-repo\project\arena_battle\arena_battle\x64\debug\monsters_boss.ixx.module.json
c:\users\cccsk\onedrive\desktop\cp4\008c2369-gr13-repo\project\arena_battle\arena_battle\x64\debug\player.ixx.module.json
c:\users\cccsk\onedrive\desktop\cp4\008c2369-gr13-repo\project\arena_battle\arena_battle\x64\debug\monsters_sea.ixx.module.json
c:\users\cccsk\onedrive\desktop\cp4\008c2369-gr13-repo\project\arena_battle\arena_battle\x64\debug\chars_swd.ixx.module.json
c:\users\cccsk\onedrive\desktop\cp4\008c2369-gr13-repo\project\arena_battle\arena_battle\x64\debug\monsters_base.ixx.module.json
c:\users\cccsk\onedrive\desktop\cp4\008c2369-gr13-repo\project\arena_battle\arena_battle\x64\debug\monsters_land.ixx.module.json
c:\users\cccsk\onedrive\desktop\cp4\008c2369-gr13-repo\project\arena_battle\arena_battle\x64\debug\chars.ixx.module.json
c:\users\cccsk\onedrive\desktop\cp4\008c2369-gr13-repo\project\arena_battle\arena_battle\x64\debug\chars_mag.ixx.module.json
c:\users\cccsk\onedrive\desktop\cp4\008c2369-gr13-repo\project\arena_battle\arena_battle\x64\debug\functions.ixx.module.json
c:\users\cccsk\onedrive\desktop\cp4\008c2369-gr13-repo\project\arena_battle\arena_battle\x64\debug\chars_arc.ixx.module.json
c:\users\cccsk\onedrive\desktop\cp4\008c2369-gr13-repo\project\arena_battle\arena_battle\x64\debug\monsters_sky.ixx.module.json
c:\users\cccsk\onedrive\desktop\cp4\008c2369-gr13-repo\project\arena_battle\arena_battle\x64\debug\monsters.ixx.module.json
c:\users\cccsk\onedrive\desktop\cp4\008c2369-gr13-repo\project\arena_battle\arena_battle\x64\debug\skillandstuff.ixx.module.json
c:\users\cccsk\onedrive\desktop\cp4\008c2369-gr13-repo\project\arena_battle\arena_battle\x64\debug\ranges_65ib65omn77ucny3.module.json
c:\users\cccsk\onedrive\desktop\cp4\008c2369-gr13-repo\project\arena_battle\arena_battle\x64\debug\string_7txgts7iwziile9e.module.json
c:\users\cccsk\onedrive\desktop\cp4\008c2369-gr13-repo\project\arena_battle\arena_battle\x64\debug\vector_1pa17ypph0g6c383.module.json
c:\users\cccsk\onedrive\desktop\cp4\008c2369-gr13-repo\project\arena_battle\arena_battle\x64\debug\sstream_f44zdnngpf4685ou.module.json
c:\users\cccsk\onedrive\desktop\cp4\008c2369-gr13-repo\project\arena_battle\arena_battle\x64\debug\iostream_108l17neqx0yr1qh.module.json
c:\users\cccsk\onedrive\desktop\cp4\008c2369-gr13-repo\project\arena_battle\arena_battle\x64\debug\concepts_vg6nu34rlwpfcyj5.module.json
c:\users\cccsk\onedrive\desktop\cp4\008c2369-gr13-repo\project\arena_battle\arena_battle\x64\debug\fstream_yqhrlv5wq18x006w.module.json
c:\users\cccsk\onedrive\desktop\cp4\008c2369-gr13-repo\project\arena_battle\arena_battle\x64\debug\memory_9z53tne6v8az25te.module.json
c:\users\cccsk\onedrive\desktop\cp4\008c2369-gr13-repo\project\arena_battle\arena_battle\x64\debug\filesystem_qcxgjhz001qojcyk.module.json
c:\users\cccsk\onedrive\desktop\cp4\008c2369-gr13-repo\project\arena_battle\arena_battle\x64\debug\chars_base.ixx.module.json
c:\users\cccsk\onedrive\desktop\cp4\008c2369-gr13-repo\project\arena_battle\arena_battle\x64\debug\entity.ixx.module.json
c:\users\cccsk\onedrive\desktop\cp4\008c2369-gr13-repo\project\arena_battle\arena_battle\x64\debug\gamemap.ixx.module.json
c:\users\cccsk\onedrive\desktop\cp4\008c2369-gr13-repo\project\arena_battle\arena_battle\x64\debug\gametile.ixx.module.json
c:\users\cccsk\onedrive\desktop\cp4\008c2369-gr13-repo\project\arena_battle\arena_battle\x64\debug\arena_battle.ilk
c:\users\cccsk\onedrive\desktop\cp4\008c2369-gr13-repo\project\arena_battle\arena_battle\x64\debug\arena_battle.tlog\cl.command.1.tlog
c:\users\cccsk\onedrive\desktop\cp4\008c2369-gr13-repo\project\arena_battle\arena_battle\x64\debug\arena_battle.tlog\cl.items.tlog
c:\users\cccsk\onedrive\desktop\cp4\008c2369-gr13-repo\project\arena_battle\arena_battle\x64\debug\arena_battle.tlog\cl.read.1.tlog
c:\users\cccsk\onedrive\desktop\cp4\008c2369-gr13-repo\project\arena_battle\arena_battle\x64\debug\arena_battle.tlog\cl.write.1.tlog
c:\users\cccsk\onedrive\desktop\cp4\008c2369-gr13-repo\project\arena_battle\arena_battle\x64\debug\arena_battle.tlog\link.command.1.tlog
c:\users\cccsk\onedrive\desktop\cp4\008c2369-gr13-repo\project\arena_battle\arena_battle\x64\debug\arena_battle.tlog\link.read.1.tlog
c:\users\cccsk\onedrive\desktop\cp4\008c2369-gr13-repo\project\arena_battle\arena_battle\x64\debug\arena_battle.tlog\link.secondary.1.tlog
c:\users\cccsk\onedrive\desktop\cp4\008c2369-gr13-repo\project\arena_battle\arena_battle\x64\debug\arena_battle.tlog\link.write.1.tlog
c:\users\cccsk\onedrive\desktop\cp4\008c2369-gr13-repo\project\arena_battle\arena_battle\x64\debug\arena_battle_md.tlog\cl.command.1.tlog
c:\users\cccsk\onedrive\desktop\cp4\008c2369-gr13-repo\project\arena_battle\arena_battle\x64\debug\arena_battle_md.tlog\microsoft.build.cpptasks.cl.read.1.tlog
c:\users\cccsk\onedrive\desktop\cp4\008c2369-gr13-repo\project\arena_battle\arena_battle\x64\debug\arena_battle_md.tlog\microsoft.build.cpptasks.cl.write.1.tlog
